0 info it worked if it ends with ok
1 verbose cli [ '/usr/local/Cellar/node/0.10.21/bin/node',
1 verbose cli   '/usr/local/bin/npm',
1 verbose cli   'install',
1 verbose cli   'enyols' ]
2 info using npm@1.3.11
3 info using node@v0.10.21
4 warn package.json YOUR-PROJECT-NAME-HERE@0.0.1 No repository field.
5 warn package.json YOUR-PROJECT-NAME-HERE@0.0.1 No README data
6 warn package.json vows@0.5.13 No repository field.
7 verbose readDependencies using package.json deps
8 verbose cache add [ 'enyols', null ]
9 verbose cache add name=undefined spec="enyols" args=["enyols",null]
10 verbose parsed url { protocol: null,
10 verbose parsed url   slashes: null,
10 verbose parsed url   auth: null,
10 verbose parsed url   host: null,
10 verbose parsed url   port: null,
10 verbose parsed url   hostname: null,
10 verbose parsed url   hash: null,
10 verbose parsed url   search: null,
10 verbose parsed url   query: null,
10 verbose parsed url   pathname: 'enyols',
10 verbose parsed url   path: 'enyols',
10 verbose parsed url   href: 'enyols' }
11 silly lockFile 4da875bf-enyols enyols
12 verbose lock enyols /Users/stanzheng/.npm/4da875bf-enyols.lock
13 silly lockFile 4da875bf-enyols enyols
14 silly lockFile 4da875bf-enyols enyols
15 verbose addNamed [ 'enyols', '' ]
16 verbose addNamed [ null, '*' ]
17 silly lockFile 806824e6-enyols enyols@
18 verbose lock enyols@ /Users/stanzheng/.npm/806824e6-enyols.lock
19 silly addNameRange { name: 'enyols', range: '*', hasData: false }
20 verbose url raw enyols
21 verbose url resolving [ 'https://registry.npmjs.org/', './enyols' ]
22 verbose url resolved https://registry.npmjs.org/enyols
23 info trying registry request attempt 1 at 07:28:53
24 http GET https://registry.npmjs.org/enyols
25 http 404 https://registry.npmjs.org/enyols
26 silly registry.get cb [ 404,
26 silly registry.get   { server: 'CouchDB/1.5.0 (Erlang OTP/R15B03)',
26 silly registry.get     date: 'Sun, 17 Nov 2013 12:28:52 GMT',
26 silly registry.get     'content-type': 'application/json',
26 silly registry.get     'content-length': '52',
26 silly registry.get     'cache-control': 'must-revalidate' } ]
27 silly lockFile 806824e6-enyols enyols@
28 silly lockFile 806824e6-enyols enyols@
29 error 404 'enyols' is not in the npm registry.
29 error 404 You should bug the author to publish it
29 error 404
29 error 404 Note that you can also install from a
29 error 404 tarball, folder, or http url, or git url.
30 error System Darwin 13.0.1
31 error command "/usr/local/Cellar/node/0.10.21/bin/node" "/usr/local/bin/npm" "install" "enyols"
32 error cwd /Users/stanzheng/code/hackduke/live
33 error node -v v0.10.21
34 error npm -v 1.3.11
35 error code E404
36 verbose exit [ 1, true ]
